<?xml version="1.0" encoding="UTF-8"?>
<!-- Generated by org.testng.reporters.JUnitReportReporter -->
<testsuite hostname="DESKTOP-HPR4ORJ" failures="0" tests="2" name="cucumberOptions.TestNGTestRunner" time="805.536" errors="0" timestamp="2024-10-15T19:31:01 IST" skipped="0">
  <testcase classname="cucumberOptions.TestNGTestRunner" name="runScenario" time="431.841"/>
  <testcase classname="cucumberOptions.TestNGTestRunner" name="runScenario" time="373.695"/>
</testsuite> <!-- cucumberOptions.TestNGTestRunner -->
